c:\work\sdlprojects\spceshooterassignment\build\debug\vc143.pdb
c:\work\sdlprojects\spceshooterassignment\build\debug\vc143.idb
c:\work\sdlprojects\spceshooterassignment\build\debug\playercharacter.obj
c:\work\sdlprojects\spceshooterassignment\build\debug\enemyfighter.obj
c:\work\sdlprojects\spceshooterassignment\build\debug\imguimanager.obj
c:\work\sdlprojects\spceshooterassignment\build\debug\gameengine.obj
c:\work\sdlprojects\spceshooterassignment\build\debug\enemywizard.obj
c:\work\sdlprojects\spceshooterassignment\build\debug\enemymanager.obj
c:\work\sdlprojects\spceshooterassignment\build\debug\enemybase.obj
c:\work\sdlprojects\spceshooterassignment\build\debug\debugdrawer.obj
c:\work\sdlprojects\spceshooterassignment\build\debug\datastructuresandmethods.obj
c:\work\sdlprojects\spceshooterassignment\build\debug\collision.obj
c:\work\sdlprojects\spceshooterassignment\build\debug\main.obj
c:\work\sdlprojects\spceshooterassignment\build\debug\imgui_widgets.obj
c:\work\sdlprojects\spceshooterassignment\build\debug\imgui_tables.obj
c:\work\sdlprojects\spceshooterassignment\build\debug\imgui_sdl.obj
c:\work\sdlprojects\spceshooterassignment\build\debug\imgui_impl_sdlrenderer.obj
c:\work\sdlprojects\spceshooterassignment\build\debug\imgui_impl_sdl.obj
c:\work\sdlprojects\spceshooterassignment\build\debug\imgui_draw.obj
c:\work\sdlprojects\spceshooterassignment\build\debug\imgui_demo.obj
c:\work\sdlprojects\spceshooterassignment\build\debug\imgui.obj
c:\work\sdlprojects\spceshooterassignment\build\debug\example.obj
c:\work\sdlprojects\spceshooterassignment\build\debug\vector2.obj
c:\work\sdlprojects\spceshooterassignment\build\debug\timermanager.obj
c:\work\sdlprojects\spceshooterassignment\build\debug\timer.obj
c:\work\sdlprojects\spceshooterassignment\build\debug\textsprite.obj
c:\work\sdlprojects\spceshooterassignment\build\debug\spritesheet.obj
c:\work\sdlprojects\spceshooterassignment\build\debug\sprite.obj
c:\work\sdlprojects\spceshooterassignment\build\debug\quadtree.obj
c:\work\sdlprojects\spceshooterassignment\build\debug\projectilemanager.obj
c:\work\sdlprojects\spceshooterassignment\build\debug\projectile.obj
c:\work\sdlprojects\spceshooterassignment\bin\game_debug.exe
c:\work\sdlprojects\spceshooterassignment\build\debug\game_debug.ilk
c:\work\sdlprojects\spceshooterassignment\bin\game_debug.pdb
c:\work\sdlprojects\spceshooterassignment\build\debug\spacesho.ecbc518a.tlog\cl.command.1.tlog
c:\work\sdlprojects\spceshooterassignment\build\debug\spacesho.ecbc518a.tlog\cl.items.tlog
c:\work\sdlprojects\spceshooterassignment\build\debug\spacesho.ecbc518a.tlog\cl.read.1.tlog
c:\work\sdlprojects\spceshooterassignment\build\debug\spacesho.ecbc518a.tlog\cl.write.1.tlog
c:\work\sdlprojects\spceshooterassignment\build\debug\spacesho.ecbc518a.tlog\link.command.1.tlog
c:\work\sdlprojects\spceshooterassignment\build\debug\spacesho.ecbc518a.tlog\link.read.1.tlog
c:\work\sdlprojects\spceshooterassignment\build\debug\spacesho.ecbc518a.tlog\link.write.1.tlog
